record_id = 189672 và link là https://cachsuadienmay.vn/public/uploads/03/02/2-3-nnt-hcm-3_1709356819_cv.pdf không tìm thấy
record_id = 189718 và link là https://cachsuadienmay.vn/public/uploads/03/02/công-ty-cổ-phần-công-nghê-va-thương-mai-ttp-viêt-nam_1709363086_cv.pdf không tìm thấy
record_id = 189764 và link là https://cachsuadienmay.vn/public/uploads/03/02/diên-nguyễn_1709372046_cv.pdf không tìm thấy
record_id = 189768 và link là https://cachsuadienmay.vn/public/uploads/03/02/nhât-vy_1709374387_cv.pdf không tìm thấy
record_id = 189775 và link là https://cachsuadienmay.vn/public/uploads/03/02/viễn-dương_1709379272_cv.pdf không tìm thấy
record_id = 189860 và link là https://cachsuadienmay.vn/public/uploads/03/03/gdu-hcm-3-3-hoa-tốc_1709449000_cv.pdf không tìm thấy
record_id = 189862 và link là https://cachsuadienmay.vn/public/uploads/03/03/gdu-hcm-hoa-tốc-3-3_1709451172_cv.pdf không tìm thấy
record_id = 190312 và link là https://cachsuadienmay.vn/public/uploads/03/04/nguyễn-quyền_1709542533_cv.pdf không tìm thấy
record_id = 190605 và link là https://cachsuadienmay.vn/public/uploads/03/05/công-ty-cổ-phần-công-nghê-va-thương-mai-ttp-viêt-nam_1709604602_cv.pdf không tìm thấy
record_id = 190848 và link là https://cachsuadienmay.vn/public/uploads/03/05/xuất-mượn_1709631268_cv.pdf không tìm thấy
record_id = 191219 và link là https://cachsuadienmay.vn/public/uploads/03/06/công-ty-cổ-phần-công-nghê-va-thương-mai-ttp-viêt-nam_1709714106_cv.pdf không tìm thấy
record_id = 191582 và link là https://cachsuadienmay.vn/public/uploads/03/07/công-ty-cổ-phần-công-nghê-va-thương-mai-ttp-viêt-nam_1709801688_cv.pdf không tìm thấy
record_id = 191910 và link là https://cachsuadienmay.vn/public/uploads/03/08/may-sấy-toc-p14_1709880211_cv.pdf không tìm thấy
record_id = 191920 và link là https://cachsuadienmay.vn/public/uploads/03/08/may-sấy-quân-1_1709880871_cv.pdf không tìm thấy
record_id = 192122 và link là https://cachsuadienmay.vn/public/uploads/03/09/may-sấy-bắc-ninh_1709948696_cv.pdf không tìm thấy
record_id = 192127 và link là https://cachsuadienmay.vn/public/uploads/03/09/may-sấy-quang-ngai_1709949051_cv.pdf không tìm thấy
record_id = 192133 và link là https://cachsuadienmay.vn/public/uploads/03/09/gdu-hoa-tốc-9-3_1709949551_cv.pdf không tìm thấy
record_id = 192134 và link là https://cachsuadienmay.vn/public/uploads/03/09/gdu-hoa-tốc-9-3-2_1709949692_cv.pdf không tìm thấy
record_id = 192142 và link là https://cachsuadienmay.vn/public/uploads/03/09/công-ty-cổ-phần-công-nghê-va-thường-mai-ttp-viêt-nam_1709952870_cv.pdf không tìm thấy
record_id = 192179 và link là https://cachsuadienmay.vn/public/uploads/03/09/gdu-hcm-9-3-chiều_1709958435_cv.pdf không tìm thấy
record_id = 192179 và link là https://cachsuadienmay.vn/public/uploads/03/09/gdu-hcm-9-3-1-chiều_1709958435_cv.pdf không tìm thấy
record_id = 192199 và link là https://cachsuadienmay.vn/public/uploads/03/09/gdu-hn-9-3-chiều_1709959226_cv.pdf không tìm thấy
record_id = 192199 và link là https://cachsuadienmay.vn/public/uploads/03/09/gdu-hn-9-3-1-chiều_1709959226_cv.pdf không tìm thấy
record_id = 192199 và link là https://cachsuadienmay.vn/public/uploads/03/09/gdu-hn-9-3-2-chiều_1709959226_cv.pdf không tìm thấy
record_id = 192199 và link là https://cachsuadienmay.vn/public/uploads/03/09/gdu-hn-9-3-3-chiều_1709959226_cv.pdf không tìm thấy
record_id = 192202 và link là https://cachsuadienmay.vn/public/uploads/03/09/may-sấy-quân-bến-nghe_1709959596_cv.pdf không tìm thấy
record_id = 192254 và link là https://cachsuadienmay.vn/public/uploads/03/09/may-sấy-p10_1709964485_cv.pdf không tìm thấy
record_id = 192257 và link là https://cachsuadienmay.vn/public/uploads/03/09/may-sấy-quân-7_1709964747_cv.pdf không tìm thấy
record_id = 192489 và link là https://cachsuadienmay.vn/public/uploads/03/11/gdu-hoa-tốc-9-3-2_1709949692_cv_1710120911_cv.pdf không tìm thấy
record_id = 192491 và link là https://cachsuadienmay.vn/public/uploads/03/11/bia»_n-gia¡p-1-_1710121166_cv.pdf không tìm thấy
record_id = 192511 và link là https://cachsuadienmay.vn/public/uploads/03/11/may-sấy-bắc-ninh_1709948696_cv_1710123086_cv.pdf không tìm thấy
record_id = 192512 và link là https://cachsuadienmay.vn/public/uploads/03/11/may-sấy-quang-ngai_1709949051_cv_1710123128_cv.pdf không tìm thấy
record_id = 192513 và link là https://cachsuadienmay.vn/public/uploads/03/11/may-sấy-quân-bến-nghe_1709959596_cv_1710123169_cv.pdf không tìm thấy
record_id = 192514 và link là https://cachsuadienmay.vn/public/uploads/03/11/may-sấy-p10_1709964485_cv_1710123210_cv.pdf không tìm thấy
record_id = 192515 và link là https://cachsuadienmay.vn/public/uploads/03/11/may-sấy-quân-7_1709964747_cv_1710123249_cv.pdf không tìm thấy
record_id = 192854 và link là https://cachsuadienmay.vn/public/uploads/03/12/cbh-sp-1_1710198901_cv.pdf không tìm thấy
record_id = 192907 và link là https://cachsuadienmay.vn/public/uploads/03/12/công-ty-cổ-phần-tâp-doan-ttp-viêt-nam_1710209754_cv.pdf không tìm thấy
record_id = 193116 và link là https://cachsuadienmay.vn/public/uploads/03/12/công-ty-cổ-phần-công-nghê-va-thương-mai-ttp-viêt-nam_1710236650_cv.pdf không tìm thấy
record_id = 193126 và link là https://cachsuadienmay.vn/public/uploads/03/12/công-ty-cổ-phần-tâp-doan-ttp-viêt-nam-1-_1710239060_cv.pdf không tìm thấy
record_id = 193505 và link là https://cachsuadienmay.vn/public/uploads/03/13/gdu-may-chiếu-1_1710347538_cv.pdf không tìm thấy
record_id = 193505 và link là https://cachsuadienmay.vn/public/uploads/03/13/gdu-may-chiếu_1710347538_cv.pdf không tìm thấy
record_id = 193844 và link là https://cachsuadienmay.vn/public/uploads/03/14/gdu-nhiêt-kế_1710431299_cv.pdf không tìm thấy
record_id = 194560 và link là https://cachsuadienmay.vn/public/uploads/03/16/cac-tai-liêu-dược-quet_1710574428_cv.pdf không tìm thấy
record_id = 194564 và link là https://cachsuadienmay.vn/public/uploads/03/16/rưởng-bô-phân_1710574687_cv.pdf không tìm thấy
record_id = 195004 và link là https://cachsuadienmay.vn/public/uploads/03/18/ên-san-phẩm_1710749993_cv.pdf không tìm thấy
record_id = 195063 và link là https://cachsuadienmay.vn/public/uploads/03/18/gdu-hcm-in-lai-dơn_1710774345_cv.pdf không tìm thấy
record_id = 195078 và link là https://cachsuadienmay.vn/public/uploads/03/18/gdu-hn-in-lai-dơn_1710775135_cv.pdf không tìm thấy
record_id = 195478 và link là https://cachsuadienmay.vn/public/uploads/03/19/gdu-hn-may-sấy_1710859577_cv.pdf không tìm thấy
record_id = 195478 và link là https://cachsuadienmay.vn/public/uploads/03/19/gdu-hn-may-sấy1_1710859577_cv.pdf không tìm thấy
record_id = 195483 và link là https://cachsuadienmay.vn/public/uploads/03/19/khu-hcm-bể-bới_1710860628_cv.pdf không tìm thấy
record_id = 195487 và link là https://cachsuadienmay.vn/public/uploads/03/19/khu-hn-may-sấy_1710861053_cv.pdf không tìm thấy
record_id = 195695 và link là https://cachsuadienmay.vn/public/uploads/03/20/hoa-nguyễn-dổi-may-003q_1710907802_cv.pdf không tìm thấy
record_id = 195826 và link là https://cachsuadienmay.vn/public/uploads/03/20/nghiêm-hương_1710925286_cv.pdf không tìm thấy
record_id = 196302 và link là https://cachsuadienmay.vn/public/uploads/03/22/gdu-ô_1711065876_cv.pdf không tìm thấy
record_id = 196566 và link là https://cachsuadienmay.vn/public/uploads/03/22/gdu_may_ep_châm_1711122817_cv.pdf không tìm thấy
record_id = 196570 và link là https://cachsuadienmay.vn/public/uploads/03/22/may_ep_châm_sửa_1711123051_cv.pdf không tìm thấy
record_id = 196663 và link là https://cachsuadienmay.vn/public/uploads/03/23/công-ty-cổ-phần-công-nghê-va-thương-mai-ttp-viêt-nam_1711162868_cv.pdf không tìm thấy
record_id = 196697 và link là https://cachsuadienmay.vn/public/uploads/03/23/aa-fa_1711167948_cv.pdf không tìm thấy
record_id = 196829 và link là https://cachsuadienmay.vn/public/uploads/03/24/gdu-hcm-hoa-tốc_1711252588_cv.pdf không tìm thấy
record_id = 197176 và link là https://cachsuadienmay.vn/public/uploads/03/25/c4239de4-3d68-4e27-9fe-ỗanhthanghn_1711341286_cv.pdf không tìm thấy
record_id = 197334 và link là https://cachsuadienmay.vn/public/uploads/03/25/công-ty-cổ-phần-công-nghê-va-thương-mai-ttp-viêt-nam_1711360320_cv.pdf không tìm thấy
record_id = 197458 và link là https://cachsuadienmay.vn/public/uploads/03/26/28498fc5-5ef3-4bab-8f65-ô-xanh-than_1711387176_cv.pdf không tìm thấy
record_id = 197499 và link là https://cachsuadienmay.vn/public/uploads/03/26/gdu-hn-26-3-hut-ẩm_1711411516_cv.pdf không tìm thấy
record_id = 197499 và link là https://cachsuadienmay.vn/public/uploads/03/26/gdu-hn-26-3-3-hut-ẩm_1711411516_cv.pdf không tìm thấy
record_id = 197701 và link là https://cachsuadienmay.vn/public/uploads/03/26/d47d269d-317f-4202-b62e-may-sấy_1711431771_cv.pdf không tìm thấy
record_id = 198320 và link là https://cachsuadienmay.vn/public/uploads/03/28/bab2398b-9259-4133-88cc-ô-do_1711559769_cv.pdf không tìm thấy
record_id = 198545 và link là https://cachsuadienmay.vn/public/uploads/03/28/bab2398b-9259-4133-88cc-ô-do_1711604053_cv.pdf không tìm thấy
record_id = 198606 và link là https://cachsuadienmay.vn/public/uploads/03/28/công-ty-cổ-phần-công-nghê-va-thương-mai-ttp-viêt-nam_1711613383_cv.pdf không tìm thấy
record_id = 198710 và link là https://cachsuadienmay.vn/public/uploads/03/28/bab2398b-9259-4133-88cc-ô-do_1711643822_cv.pdf không tìm thấy
record_id = 198830 và link là https://cachsuadienmay.vn/public/uploads/03/29/khắc-nam-1-_1711684175_cv.pdf không tìm thấy
record_id = 199019 và link là https://cachsuadienmay.vn/public/uploads/03/29/kim-yến_1711709197_cv.pdf không tìm thấy
record_id = 199204 và link là https://cachsuadienmay.vn/public/uploads/03/30/gdu-hoa-tốc-30-3_1711763896_cv.pdf không tìm thấy
record_id = 199221 và link là https://cachsuadienmay.vn/public/uploads/03/30/nước_sach_1711766320_cv.pdf không tìm thấy
